Import progress as of 2025-11-18 08:55:24.358543
==================================================

Season 2005:
  Players: 4748
  Rosters: 4747
  Errors: 1

Season 2006:
  Players: 4824
  Rosters: 4823
  Errors: 1

Season 2007:
  Players: 4909
  Rosters: 4908
  Errors: 2

Season 2008:
  Players: 4977
  Rosters: 4976
  Errors: 1

Season 2009:
  Players: 4883
  Rosters: 4882
  Errors: 2

Season 2010:
  Players: 4994
  Rosters: 4993
  Errors: 1

Season 2011:
  Players: 4902
  Rosters: 4901
  Errors: 2

Season 2012:
  Players: 4838
  Rosters: 4837
  Errors: 1

Season 2013:
  Players: 1536
  Rosters: 1535
  Errors: 1

Season 2014:
  Players: 5764
  Rosters: 5763
  Errors: 1

Season 2015:
  Players: 5810
  Rosters: 5809
  Errors: 2

Season 2016:
  Players: 5931
  Rosters: 5930
  Errors: 2

Season 2017:
  Players: 5660
  Rosters: 5659
  Errors: 2

Season 2018:
  Players: 5845
  Rosters: 5844
  Errors: 1

Season 2019:
  Players: 5775
  Rosters: 5774
  Errors: 2

Season 2020:
  Players: 5779
  Rosters: 5778
  Errors: 2

Season 2021:
  Players: 5700
  Rosters: 5699
  Errors: 2

Season 2022:
  Players: 5953
  Rosters: 5952
  Errors: 1

Season 2023:
  Players: 5157
  Rosters: 5156
  Errors: 595

Season 2024:
  Players: 0
  Rosters: 0
  Errors: 1

Season 2025:
  Players: 0
  Rosters: 0
  Errors: 1

Season 2026:
  Players: 0
  Rosters: 0
  Errors: 1

